<?xml version="1.0" encoding="UTF-8"?>
<coverage generated="1789482510211" clover="3.2.0">
  <project timestamp="1789482510211" name="All files">
    <metrics statements="7" coveredstatements="7" conditionals="10" coveredconditionals="10" methods="1" coveredmethods="1" elements="18" coveredelements="18" complexity="0" loc="7" ncloc="7" packages="1" files="1" classes="1"/>
    <file name="estoque.js" path="C:\Users\marina_steinbach\almoxarifado-testes\almoxarifado-testes\src\estoque.js">
      <metrics statements="7" coveredstatements="7" conditionals="10" coveredconditionals="10" methods="1" coveredmethods="1"/>
      <line num="1" count="1" type="stmt"/>
      <line num="4" count="7" type="cond" truecount="2" falsecount="0"/>
      <line num="5" count="6" type="cond" truecount="2" falsecount="0"/>
      <line num="6" count="5" type="cond" truecount="4" falsecount="0"/>
      <line num="7" count="3" type="cond" truecount="2" falsecount="0"/>
      <line num="8" count="2" type="stmt"/>
      <line num="11" count="1" type="stmt"/>
    </file>
  </project>
</coverage>
