{"C:\\Users\\marina_steinbach\\Documents\\almoxarifado-testes\\almoxarifado-testes\\src\\estoque.js": {"path":"C:\\Users\\marina_steinbach\\Documents\\almoxarifado-testes\\almoxarifado-testes\\src\\estoque.js","statementMap":{"0":{"start":{"line":1,"column":23},"end":{"line":1,"column":61}},"1":{"start":{"line":3,"column":5},"end":{"line":3,"column":61}},"2":{"start":{"line":3,"column":48},"end":{"line":3,"column":61}},"3":{"start":{"line":4,"column":8},"end":{"line":4,"column":55}},"4":{"start":{"line":4,"column":42},"end":{"line":4,"column":55}},"5":{"start":{"line":5,"column":9},"end":{"line":5,"column":76}},"6":{"start":{"line":5,"column":63},"end":{"line":5,"column":76}},"7":{"start":{"line":6,"column":12},"end":{"line":6,"column":59}},"8":{"start":{"line":6,"column":46},"end":{"line":6,"column":59}},"9":{"start":{"line":7,"column":12},"end":{"line":7,"column":24}},"10":{"start":{"line":9,"column":12},"end":{"line":9,"column":61}}},"fnMap":{"0":{"name":"podeRetirar","decl":{"start":{"line":2,"column":9},"end":{"line":2,"column":20}},"loc":{"start":{"line":2,"column":39},"end":{"line":8,"column":13}},"line":2}},"branchMap":{"0":{"loc":{"start":{"line":3,"column":5},"end":{"line":3,"column":61}},"type":"if","locations":[{"start":{"line":3,"column":5},"end":{"line":3,"column":61}},{"start":{},"end":{}}],"line":3},"1":{"loc":{"start":{"line":4,"column":8},"end":{"line":4,"column":55}},"type":"if","locations":[{"start":{"line":4,"column":8},"end":{"line":4,"column":55}},{"start":{},"end":{}}],"line":4},"2":{"loc":{"start":{"line":5,"column":9},"end":{"line":5,"column":76}},"type":"if","locations":[{"start":{"line":5,"column":9},"end":{"line":5,"column":76}},{"start":{},"end":{}}],"line":5},"3":{"loc":{"start":{"line":5,"column":13},"end":{"line":5,"column":61}},"type":"binary-expr","locations":[{"start":{"line":5,"column":13},"end":{"line":5,"column":42}},{"start":{"line":5,"column":46},"end":{"line":5,"column":61}}],"line":5},"4":{"loc":{"start":{"line":6,"column":12},"end":{"line":6,"column":59}},"type":"if","locations":[{"start":{"line":6,"column":12},"end":{"line":6,"column":59}},{"start":{},"end":{}}],"line":6}},"s":{"0":1,"1":6,"2":0,"3":6,"4":1,"5":5,"6":2,"7":3,"8":1,"9":2,"10":1},"f":{"0":6},"b":{"0":[0,6],"1":[1,5],"2":[2,3],"3":[5,5],"4":[1,2]},"_coverageSchema":"1a1c01bbd47fc00a2c39e90264f33305004495a9","hash":"cd9d7a48aafca6ab72d5f64d69262952ecce6a79"}
}
